<?xml version="1.0" encoding="UTF-8"?>
<testng-results ignored="0" total="2" passed="2" failed="0" skipped="0">
  <reporter-output>
  </reporter-output>
  <suite started-at="2026-08-18T23:27:07 IST" name="Default suite" finished-at="2026-08-18T23:27:12 IST" duration-ms="4266">
    <groups>
      <group name="cucumber">
        <method signature="AbstractTestNGCucumberTests.runScenario(io.cucumber.testng.PickleWrapper,io.cucumber.testng.FeatureWrapper)[pri:0, instance:runner.TestRunner@7586beff]" name="runScenario" class="io.cucumber.testng.AbstractTestNGCucumberTests"/>
      </group> <!-- cucumber -->
    </groups>
    <test started-at="2026-08-18T23:27:07 IST" name="Default test" finished-at="2026-08-18T23:27:12 IST" duration-ms="4266">
      <class name="runner.TestRunner">
        <test-method is-config="true" signature="setUpClass(org.testng.ITestContext)[pri:0, instance:runner.TestRunner@7586beff]" started-at="2026-08-18T23:27:07 IST" name="setUpClass" finished-at="2026-08-18T23:27:08 IST" duration-ms="378" status="PASS">
          <params>
            <param index="0">
              <value>
                <![CDATA[org.testng.TestRunner@2cc04358]]>
              </value>
            </param>
          </params>
          <reporter-output>
          </reporter-output>
        </test-method> <!-- setUpClass -->
        <test-method signature="runScenario(io.cucumber.testng.PickleWrapper,io.cucumber.testng.FeatureWrapper)[pri:0, instance:runner.TestRunner@7586beff]" started-at="2026-08-18T23:27:08 IST" name="runScenario" description="Runs Cucumber Scenarios" data-provider="scenarios" finished-at="2026-08-18T23:27:10 IST" duration-ms="2084" status="PASS">
          <params>
            <param index="0">
              <value>
                <![CDATA["add bagpack"]]>
              </value>
            </param>
            <param index="1">
              <value>
                <![CDATA["Add to cart"]]>
              </value>
            </param>
          </params>
          <reporter-output>
          </reporter-output>
        </test-method> <!-- runScenario -->
        <test-method signature="runScenario(io.cucumber.testng.PickleWrapper,io.cucumber.testng.FeatureWrapper)[pri:0, instance:runner.TestRunner@7586beff]" started-at="2026-08-18T23:27:10 IST" name="runScenario" description="Runs Cucumber Scenarios" data-provider="scenarios" finished-at="2026-08-18T23:27:12 IST" duration-ms="1733" status="PASS">
          <params>
            <param index="0">
              <value>
                <![CDATA["login with single user"]]>
              </value>
            </param>
            <param index="1">
              <value>
                <![CDATA["Login in saucedemo for A15"]]>
              </value>
            </param>
          </params>
          <reporter-output>
          </reporter-output>
        </test-method> <!-- runScenario -->
        <test-method is-config="true" signature="tearDownClass()[pri:0, instance:runner.TestRunner@7586beff]" started-at="2026-08-18T23:27:12 IST" name="tearDownClass" finished-at="2026-08-18T23:27:12 IST" duration-ms="43" status="PASS">
          <reporter-output>
          </reporter-output>
        </test-method> <!-- tearDownClass -->
      </class> <!-- runner.TestRunner -->
    </test> <!-- Default test -->
  </suite> <!-- Default suite -->
</testng-results>
